<?xml version="1.0" encoding="UTF-8"?>
<testng-results skipped="0" failed="0" total="1" passed="1">
  <reporter-output>
  </reporter-output>
  <suite name="Default suite" duration-ms="11938" started-at="2017-03-21T12:48:03Z" finished-at="2017-03-21T12:48:15Z">
    <groups>
    </groups>
    <test name="Default test" duration-ms="11938" started-at="2017-03-21T12:48:03Z" finished-at="2017-03-21T12:48:15Z">
      <class name="test.blueoptima_test_API.Test_blueoptima_API">
        <test-method status="PASS" signature="test_fourpoints()[pri:0, instance:test.blueoptima_test_API.Test_blueoptima_API@702b8b12]" name="test_fourpoints" duration-ms="11822" started-at="2017-03-21T18:18:03Z" finished-at="2017-03-21T18:18:15Z">
          <reporter-output>
          </reporter-output>
        </test-method> <!-- test_fourpoints -->
      </class> <!-- test.blueoptima_test_API.Test_blueoptima_API -->
    </test> <!-- Default test -->
  </suite> <!-- Default suite -->
</testng-results>
